INFO  | 2022-02-21 10:58:36 | [main] com.App (App.java:18) - Hello World will be printed on info
WARN  | 2022-02-21 10:58:36 | [main] com.App (App.java:19) - Hello World will be printed on warn
INFO  | 2022-02-21 10:59:54 | [main] com.App (App.java:18) - Hello World will be printed on info
WARN  | 2022-02-21 10:59:54 | [main] com.App (App.java:19) - Hello World will be printed on warn
ERROR | 2022-02-21 10:59:54 | [main] com.App (App.java:20) - Hello World will be printed on error
INFO  | 2022-02-21 11:01:29 | [main] com.App (App.java:18) - Hello World will be printed on info
WARN  | 2022-02-21 11:01:29 | [main] com.App (App.java:19) - Hello World will be printed on warn
ERROR | 2022-02-21 11:01:29 | [main] com.App (App.java:20) - Hello World will be printed on error
FATAL | 2022-02-21 11:01:29 | [main] com.App (App.java:21) - Hello World will be printed in fatal
INFO  | 2022-02-21 11:02:33 | [main] com.App (App.java:18) - Hello World will be printed on info
WARN  | 2022-02-21 11:02:33 | [main] com.App (App.java:19) - Hello World will be printed on warn
ERROR | 2022-02-21 11:02:33 | [main] com.App (App.java:20) - Hello World will be printed on error
FATAL | 2022-02-21 11:02:33 | [main] com.App (App.java:21) - Hello World will be printed in fatal
INFO  | 2022-02-21 11:02:54 | [main] com.App (App.java:18) - Hello World will be printed on info
WARN  | 2022-02-21 11:02:54 | [main] com.App (App.java:19) - Hello World will be printed on warn
ERROR | 2022-02-21 11:02:54 | [main] com.App (App.java:20) - Hello World will be printed on error
FATAL | 2022-02-21 11:02:54 | [main] com.App (App.java:21) - Hello World will be printed in fatal
INFO  | 2022-02-21 11:05:00 | [main] com.App (App.java:18) - Hello World will be printed on info
WARN  | 2022-02-21 11:05:00 | [main] com.App (App.java:19) - Hello World will be printed on warn
ERROR | 2022-02-21 11:05:00 | [main] com.App (App.java:20) - Hello World will be printed on error
FATAL | 2022-02-21 11:05:00 | [main] com.App (App.java:21) - Hello World will be printed in fatal
INFO  | 2022-02-21 11:05:34 | [main] com.App (App.java:18) - Hello World will be printed on info
WARN  | 2022-02-21 11:05:34 | [main] com.App (App.java:19) - Hello World will be printed on warn
ERROR | 2022-02-21 11:05:34 | [main] com.App (App.java:20) - Hello World will be printed on error
FATAL | 2022-02-21 11:05:34 | [main] com.App (App.java:21) - Hello World will be printed on fatal
INFO  | 2022-02-21 16:58:35 | [main] com.App (App.java:19) - Hello World will be printed on info
WARN  | 2022-02-21 16:58:35 | [main] com.App (App.java:20) - Hello World will be printed on warn
ERROR | 2022-02-21 16:58:35 | [main] com.App (App.java:21) - Hello World will be printed on error
FATAL | 2022-02-21 16:58:35 | [main] com.App (App.java:22) - Hello World will be printed on fatal
INFO  | 2022-02-21 17:00:41 | [main] com.App (App.java:19) - Hello World will be printed on info
WARN  | 2022-02-21 17:00:41 | [main] com.App (App.java:20) - Hello World will be printed on warn
ERROR | 2022-02-21 17:00:41 | [main] com.App (App.java:21) - Hello World will be printed on error
FATAL | 2022-02-21 17:00:41 | [main] com.App (App.java:22) - Hello World will be printed on fatal
INFO  | 2022-02-21 17:14:54 | [main] com.App (App.java:19) - Hello World will be printed on info
WARN  | 2022-02-21 17:14:54 | [main] com.App (App.java:20) - Hello World will be printed on warn
ERROR | 2022-02-21 17:14:54 | [main] com.App (App.java:21) - Hello World will be printed on error
FATAL | 2022-02-21 17:14:54 | [main] com.App (App.java:22) - Hello World will be printed on fatal
TRACE | 2022-02-21 17:18:38 | [main] com.App (App.java:17) - Hello World will be printed on trace
DEBUG | 2022-02-21 17:18:38 | [main] com.App (App.java:18) - Hello World will be printed on debug
INFO  | 2022-02-21 17:18:38 | [main] com.App (App.java:19) - Hello World will be printed on info
WARN  | 2022-02-21 17:18:38 | [main] com.App (App.java:20) - Hello World will be printed on warn
ERROR | 2022-02-21 17:18:38 | [main] com.App (App.java:21) - Hello World will be printed on error
FATAL | 2022-02-21 17:18:38 | [main] com.App (App.java:22) - Hello World will be printed on fatal
